[      16ms] [ERROR] SSE error: Event @ http://localhost:3000/js/app.js:401
[      84ms] TypeError: Cannot set properties of null (setting 'innerHTML')
    at showLoading (http://localhost:3000/js/app.js:26:21)
    at loadSessions (http://localhost:3000/js/app.js:286:3)
    at selectProject (http://localhost:3000/js/app.js:260:3)
    at renderProjects (http://localhost:3000/js/app.js:245:5)
    at loadProjects (http://localhost:3000/js/app.js:213:5)
[    3050ms] TypeError: Cannot set properties of null (setting 'innerHTML')
    at showLoading (http://localhost:3000/js/app.js:26:21)
    at loadSessions (http://localhost:3000/js/app.js:286:3)
[    6050ms] TypeError: Cannot set properties of null (setting 'innerHTML')
    at showLoading (http://localhost:3000/js/app.js:26:21)
    at loadSessions (http://localhost:3000/js/app.js:286:3)
[    9050ms] TypeError: Cannot set properties of null (setting 'innerHTML')
    at showLoading (http://localhost:3000/js/app.js:26:21)
    at loadSessions (http://localhost:3000/js/app.js:286:3)
[   12053ms] TypeError: Cannot set properties of null (setting 'innerHTML')
    at showLoading (http://localhost:3000/js/app.js:26:21)
    at loadSessions (http://localhost:3000/js/app.js:286:3)
[   15049ms] TypeError: Cannot set properties of null (setting 'innerHTML')
    at showLoading (http://localhost:3000/js/app.js:26:21)
    at loadSessions (http://localhost:3000/js/app.js:286:3)
[   18048ms] TypeError: Cannot set properties of null (setting 'innerHTML')
    at showLoading (http://localhost:3000/js/app.js:26:21)
    at loadSessions (http://localhost:3000/js/app.js:286:3)
[   21050ms] TypeError: Cannot set properties of null (setting 'innerHTML')
    at showLoading (http://localhost:3000/js/app.js:26:21)
    at loadSessions (http://localhost:3000/js/app.js:286:3)
[   24056ms] TypeError: Cannot set properties of null (setting 'innerHTML')
    at showLoading (http://localhost:3000/js/app.js:26:21)
    at loadSessions (http://localhost:3000/js/app.js:286:3)
[   27048ms] TypeError: Cannot set properties of null (setting 'innerHTML')
    at showLoading (http://localhost:3000/js/app.js:26:21)
    at loadSessions (http://localhost:3000/js/app.js:286:3)
[   30054ms] TypeError: Cannot set properties of null (setting 'innerHTML')
    at showLoading (http://localhost:3000/js/app.js:26:21)
    at loadSessions (http://localhost:3000/js/app.js:286:3)
[   33048ms] TypeError: Cannot set properties of null (setting 'innerHTML')
    at showLoading (http://localhost:3000/js/app.js:26:21)
    at loadSessions (http://localhost:3000/js/app.js:286:3)
[   36046ms] TypeError: Cannot set properties of null (setting 'innerHTML')
    at showLoading (http://localhost:3000/js/app.js:26:21)
    at loadSessions (http://localhost:3000/js/app.js:286:3)
[   39050ms] TypeError: Cannot set properties of null (setting 'innerHTML')
    at showLoading (http://localhost:3000/js/app.js:26:21)
    at loadSessions (http://localhost:3000/js/app.js:286:3)
[   42047ms] TypeError: Cannot set properties of null (setting 'innerHTML')
    at showLoading (http://localhost:3000/js/app.js:26:21)
    at loadSessions (http://localhost:3000/js/app.js:286:3)
[   45049ms] TypeError: Cannot set properties of null (setting 'innerHTML')
    at showLoading (http://localhost:3000/js/app.js:26:21)
    at loadSessions (http://localhost:3000/js/app.js:286:3)
[   48048ms] TypeError: Cannot set properties of null (setting 'innerHTML')
    at showLoading (http://localhost:3000/js/app.js:26:21)
    at loadSessions (http://localhost:3000/js/app.js:286:3)
[   51051ms] TypeError: Cannot set properties of null (setting 'innerHTML')
    at showLoading (http://localhost:3000/js/app.js:26:21)
    at loadSessions (http://localhost:3000/js/app.js:286:3)
[   54059ms] TypeError: Cannot set properties of null (setting 'innerHTML')
    at showLoading (http://localhost:3000/js/app.js:26:21)
    at loadSessions (http://localhost:3000/js/app.js:286:3)
[   57053ms] TypeError: Cannot set properties of null (setting 'innerHTML')
    at showLoading (http://localhost:3000/js/app.js:26:21)
    at loadSessions (http://localhost:3000/js/app.js:286:3)
[   60055ms] TypeError: Cannot set properties of null (setting 'innerHTML')
    at showLoading (http://localhost:3000/js/app.js:26:21)
    at loadSessions (http://localhost:3000/js/app.js:286:3)
[   63060ms] TypeError: Cannot set properties of null (setting 'innerHTML')
    at showLoading (http://localhost:3000/js/app.js:26:21)
    at loadSessions (http://localhost:3000/js/app.js:286:3)
[   66058ms] TypeError: Cannot set properties of null (setting 'innerHTML')
    at showLoading (http://localhost:3000/js/app.js:26:21)
    at loadSessions (http://localhost:3000/js/app.js:286:3)
[   69051ms] TypeError: Cannot set properties of null (setting 'innerHTML')
    at showLoading (http://localhost:3000/js/app.js:26:21)
    at loadSessions (http://localhost:3000/js/app.js:286:3)
[   72051ms] TypeError: Cannot set properties of null (setting 'innerHTML')
    at showLoading (http://localhost:3000/js/app.js:26:21)
    at loadSessions (http://localhost:3000/js/app.js:286:3)
[   75054ms] TypeError: Cannot set properties of null (setting 'innerHTML')
    at showLoading (http://localhost:3000/js/app.js:26:21)
    at loadSessions (http://localhost:3000/js/app.js:286:3)
