[     135ms] [ERROR] Failed to load resource: the server responded with a status of 404 (Not Found) @ http://localhost:12282/api/projects:0
[     136ms] [ERROR] Failed to load resource: the server responded with a status of 404 (Not Found) @ http://localhost:12282/api/process/system:0
[     137ms] [ERROR] 获取系统信息失败: Error: HTTP 404: Not Found
    at apiRequest (http://localhost:12282/js/modules/api.js:21:11)
    at async loadSystemInfo (http://localhost:12282/js/app.js:134:18) @ http://localhost:12282/js/app.js:141
[     137ms] [ERROR] Failed to load resource: the server responded with a status of 404 (Not Found) @ http://localhost:12282/api/chat/sessions:0
[     137ms] [ERROR] [loadSessions] Error: Error: HTTP 404: Not Found
    at apiRequest (http://localhost:12282/js/modules/api.js:21:11)
    at async loadSessions (http://localhost:12282/js/modules/sessions.js:81:18) @ http://localhost:12282/js/modules/sessions.js:90
[     140ms] [ERROR] WebSocket connection to 'ws://localhost:12282/' failed: Error during WebSocket handshake: Unexpected response code: 200 @ http://localhost:12282/js/modules/api.js:29
[     140ms] [ERROR] WebSocket错误: Event @ http://localhost:12282/js/modules/api.js:51
[     142ms] [ERROR] Failed to load resource: the server responded with a status of 404 (Not Found) @ http://localhost:12282/api/chat/sessions?projectId=C--Users-29718-remote-vscode:0
[     142ms] [ERROR] [loadSessions] Error: Error: HTTP 404: Not Found
    at apiRequest (http://localhost:12282/js/modules/api.js:21:11)
    at async loadSessions (http://localhost:12282/js/modules/sessions.js:81:18) @ http://localhost:12282/js/modules/sessions.js:90
[     142ms] [ERROR] Failed to load resource: the server responded with a status of 404 (Not Found) @ http://localhost:12282/api/files/list?path=C%3A%5CUsers%5C29718%5Cremote-vscode:0
[     142ms] [ERROR] 加载文件失败: Error: HTTP 404: Not Found
    at apiRequest (http://localhost:12282/js/modules/api.js:21:11)
    at async loadFiles (http://localhost:12282/js/modules/files.js:16:18) @ http://localhost:12282/js/modules/files.js:27
[     145ms] [ERROR] Failed to load resource: the server responded with a status of 404 (Not Found) @ http://localhost:12282/favicon.ico:0
[    2570ms] [ERROR] WebSocket connection to 'ws://localhost:12282/' failed: Error during WebSocket handshake: Unexpected response code: 200 @ http://localhost:12282/js/modules/api.js:29
[    2570ms] [ERROR] WebSocket错误: Event @ http://localhost:12282/js/modules/api.js:51
[    2571ms] [ERROR] Failed to load resource: the server responded with a status of 404 (Not Found) @ http://localhost:12282/api/projects:0
[    2572ms] [ERROR] Failed to load resource: the server responded with a status of 404 (Not Found) @ http://localhost:12282/api/chat/sessions:0
[    2572ms] [ERROR] [loadSessions] Error: Error: HTTP 404: Not Found
    at apiRequest (http://localhost:12282/js/modules/api.js:21:11)
    at async loadSessions (http://localhost:12282/js/modules/sessions.js:81:18) @ http://localhost:12282/js/modules/sessions.js:90
[    2572ms] [ERROR] Failed to load resource: the server responded with a status of 404 (Not Found) @ http://localhost:12282/api/process/system:0
[    2572ms] [ERROR] 获取系统信息失败: Error: HTTP 404: Not Found
    at apiRequest (http://localhost:12282/js/modules/api.js:21:11)
    at async loadSystemInfo (http://localhost:12282/js/app.js:134:18) @ http://localhost:12282/js/app.js:141
[    2575ms] [ERROR] Failed to load resource: the server responded with a status of 404 (Not Found) @ http://localhost:12282/api/files/list?path=C%3A%5CUsers%5C29718%5Cremote-vscode:0
[    2575ms] [ERROR] 加载文件失败: Error: HTTP 404: Not Found
    at apiRequest (http://localhost:12282/js/modules/api.js:21:11)
    at async loadFiles (http://localhost:12282/js/modules/files.js:16:18) @ http://localhost:12282/js/modules/files.js:27
[    2576ms] [ERROR] Failed to load resource: the server responded with a status of 404 (Not Found) @ http://localhost:12282/api/chat/sessions?projectId=C--Users-29718-remote-vscode:0
[    2576ms] [ERROR] [loadSessions] Error: Error: HTTP 404: Not Found
    at apiRequest (http://localhost:12282/js/modules/api.js:21:11)
    at async loadSessions (http://localhost:12282/js/modules/sessions.js:81:18) @ http://localhost:12282/js/modules/sessions.js:90
[    5576ms] [ERROR] WebSocket connection to 'ws://localhost:12282/' failed: Error during WebSocket handshake: Unexpected response code: 200 @ http://localhost:12282/js/modules/api.js:29
[    5576ms] [ERROR] WebSocket错误: Event @ http://localhost:12282/js/modules/api.js:51
[    5577ms] [ERROR] Failed to load resource: the server responded with a status of 404 (Not Found) @ http://localhost:12282/api/chat/sessions:0
[    5577ms] [ERROR] [loadSessions] Error: Error: HTTP 404: Not Found
    at apiRequest (http://localhost:12282/js/modules/api.js:21:11)
    at async loadSessions (http://localhost:12282/js/modules/sessions.js:81:18) @ http://localhost:12282/js/modules/sessions.js:90
[    7572ms] [ERROR] Failed to load resource: the server responded with a status of 404 (Not Found) @ http://localhost:12282/api/process/system:0
[    7573ms] [ERROR] 获取系统信息失败: Error: HTTP 404: Not Found
    at apiRequest (http://localhost:12282/js/modules/api.js:21:11)
    at async loadSystemInfo (http://localhost:12282/js/app.js:134:18) @ http://localhost:12282/js/app.js:141
[    8581ms] [ERROR] WebSocket connection to 'ws://localhost:12282/' failed: Error during WebSocket handshake: Unexpected response code: 200 @ http://localhost:12282/js/modules/api.js:29
[    8581ms] [ERROR] WebSocket错误: Event @ http://localhost:12282/js/modules/api.js:51
[    8582ms] [ERROR] Failed to load resource: the server responded with a status of 404 (Not Found) @ http://localhost:12282/api/chat/sessions:0
[    8582ms] [ERROR] [loadSessions] Error: Error: HTTP 404: Not Found
    at apiRequest (http://localhost:12282/js/modules/api.js:21:11)
    at async loadSessions (http://localhost:12282/js/modules/sessions.js:81:18) @ http://localhost:12282/js/modules/sessions.js:90
[   11571ms] [ERROR] Failed to load resource: the server responded with a status of 404 (Not Found) @ http://localhost:12282/api/chat/sessions:0
[   11571ms] [ERROR] [loadSessions] Error: Error: HTTP 404: Not Found
    at apiRequest (http://localhost:12282/js/modules/api.js:21:11)
    at async loadSessions (http://localhost:12282/js/modules/sessions.js:81:18) @ http://localhost:12282/js/modules/sessions.js:90
[   11603ms] [ERROR] WebSocket connection to 'ws://localhost:12282/' failed: Error during WebSocket handshake: Unexpected response code: 200 @ http://localhost:12282/js/modules/api.js:29
[   11603ms] [ERROR] WebSocket错误: Event @ http://localhost:12282/js/modules/api.js:51
[   12584ms] [ERROR] Failed to load resource: the server responded with a status of 404 (Not Found) @ http://localhost:12282/api/process/system:0
[   12585ms] [ERROR] 获取系统信息失败: Error: HTTP 404: Not Found
    at apiRequest (http://localhost:12282/js/modules/api.js:21:11)
    at async loadSystemInfo (http://localhost:12282/js/app.js:134:18) @ http://localhost:12282/js/app.js:141
[   14579ms] [ERROR] Failed to load resource: the server responded with a status of 404 (Not Found) @ http://localhost:12282/api/chat/sessions:0
[   14580ms] [ERROR] [loadSessions] Error: Error: HTTP 404: Not Found
    at apiRequest (http://localhost:12282/js/modules/api.js:21:11)
    at async loadSessions (http://localhost:12282/js/modules/sessions.js:81:18) @ http://localhost:12282/js/modules/sessions.js:90
[   14625ms] [ERROR] WebSocket connection to 'ws://localhost:12282/' failed: Error during WebSocket handshake: Unexpected response code: 200 @ http://localhost:12282/js/modules/api.js:29
[   14626ms] [ERROR] WebSocket错误: Event @ http://localhost:12282/js/modules/api.js:51
[   17585ms] [ERROR] Failed to load resource: the server responded with a status of 404 (Not Found) @ http://localhost:12282/api/process/system:0
[   17585ms] [ERROR] 获取系统信息失败: Error: HTTP 404: Not Found
    at apiRequest (http://localhost:12282/js/modules/api.js:21:11)
    at async loadSystemInfo (http://localhost:12282/js/app.js:134:18) @ http://localhost:12282/js/app.js:141
[   17585ms] [ERROR] Failed to load resource: the server responded with a status of 404 (Not Found) @ http://localhost:12282/api/chat/sessions:0
[   17585ms] [ERROR] [loadSessions] Error: Error: HTTP 404: Not Found
    at apiRequest (http://localhost:12282/js/modules/api.js:21:11)
    at async loadSessions (http://localhost:12282/js/modules/sessions.js:81:18) @ http://localhost:12282/js/modules/sessions.js:90
[   17645ms] [ERROR] WebSocket connection to 'ws://localhost:12282/' failed: Error during WebSocket handshake: Unexpected response code: 200 @ http://localhost:12282/js/modules/api.js:29
[   17646ms] [ERROR] WebSocket错误: Event @ http://localhost:12282/js/modules/api.js:51
[   20579ms] [ERROR] Failed to load resource: the server responded with a status of 404 (Not Found) @ http://localhost:12282/api/chat/sessions:0
[   20579ms] [ERROR] [loadSessions] Error: Error: HTTP 404: Not Found
    at apiRequest (http://localhost:12282/js/modules/api.js:21:11)
    at async loadSessions (http://localhost:12282/js/modules/sessions.js:81:18) @ http://localhost:12282/js/modules/sessions.js:90
[   20671ms] [ERROR] WebSocket connection to 'ws://localhost:12282/' failed: Error during WebSocket handshake: Unexpected response code: 200 @ http://localhost:12282/js/modules/api.js:29
[   20671ms] [ERROR] WebSocket错误: Event @ http://localhost:12282/js/modules/api.js:51
[   22581ms] [ERROR] Failed to load resource: the server responded with a status of 404 (Not Found) @ http://localhost:12282/api/process/system:0
[   22581ms] [ERROR] 获取系统信息失败: Error: HTTP 404: Not Found
    at apiRequest (http://localhost:12282/js/modules/api.js:21:11)
    at async loadSystemInfo (http://localhost:12282/js/app.js:134:18) @ http://localhost:12282/js/app.js:141
[   23574ms] [ERROR] Failed to load resource: the server responded with a status of 404 (Not Found) @ http://localhost:12282/api/chat/sessions:0
[   23574ms] [ERROR] [loadSessions] Error: Error: HTTP 404: Not Found
    at apiRequest (http://localhost:12282/js/modules/api.js:21:11)
    at async loadSessions (http://localhost:12282/js/modules/sessions.js:81:18) @ http://localhost:12282/js/modules/sessions.js:90
[   23698ms] [ERROR] WebSocket connection to 'ws://localhost:12282/' failed: Error during WebSocket handshake: Unexpected response code: 200 @ http://localhost:12282/js/modules/api.js:29
[   23699ms] [ERROR] WebSocket错误: Event @ http://localhost:12282/js/modules/api.js:51
[   26577ms] [ERROR] Failed to load resource: the server responded with a status of 404 (Not Found) @ http://localhost:12282/api/chat/sessions:0
[   26577ms] [ERROR] [loadSessions] Error: Error: HTTP 404: Not Found
    at apiRequest (http://localhost:12282/js/modules/api.js:21:11)
    at async loadSessions (http://localhost:12282/js/modules/sessions.js:81:18) @ http://localhost:12282/js/modules/sessions.js:90
[   26747ms] [ERROR] WebSocket connection to 'ws://localhost:12282/' failed: Error during WebSocket handshake: Unexpected response code: 200 @ http://localhost:12282/js/modules/api.js:29
[   26747ms] [ERROR] WebSocket错误: Event @ http://localhost:12282/js/modules/api.js:51
[   27576ms] [ERROR] Failed to load resource: the server responded with a status of 404 (Not Found) @ http://localhost:12282/api/process/system:0
[   27576ms] [ERROR] 获取系统信息失败: Error: HTTP 404: Not Found
    at apiRequest (http://localhost:12282/js/modules/api.js:21:11)
    at async loadSystemInfo (http://localhost:12282/js/app.js:134:18) @ http://localhost:12282/js/app.js:141
[   29581ms] [ERROR] Failed to load resource: the server responded with a status of 404 (Not Found) @ http://localhost:12282/api/chat/sessions:0
[   29581ms] [ERROR] [loadSessions] Error: Error: HTTP 404: Not Found
    at apiRequest (http://localhost:12282/js/modules/api.js:21:11)
    at async loadSessions (http://localhost:12282/js/modules/sessions.js:81:18) @ http://localhost:12282/js/modules/sessions.js:90
[   29800ms] [ERROR] WebSocket connection to 'ws://localhost:12282/' failed: Error during WebSocket handshake: Unexpected response code: 200 @ http://localhost:12282/js/modules/api.js:29
[   29800ms] [ERROR] WebSocket错误: Event @ http://localhost:12282/js/modules/api.js:51
[   32579ms] [ERROR] Failed to load resource: the server responded with a status of 404 (Not Found) @ http://localhost:12282/api/process/system:0
[   32579ms] [ERROR] 获取系统信息失败: Error: HTTP 404: Not Found
    at apiRequest (http://localhost:12282/js/modules/api.js:21:11)
    at async loadSystemInfo (http://localhost:12282/js/app.js:134:18) @ http://localhost:12282/js/app.js:141
[   32579ms] [ERROR] Failed to load resource: the server responded with a status of 404 (Not Found) @ http://localhost:12282/api/chat/sessions:0
[   32579ms] [ERROR] [loadSessions] Error: Error: HTTP 404: Not Found
    at apiRequest (http://localhost:12282/js/modules/api.js:21:11)
    at async loadSessions (http://localhost:12282/js/modules/sessions.js:81:18) @ http://localhost:12282/js/modules/sessions.js:90
[   32869ms] [ERROR] WebSocket connection to 'ws://localhost:12282/' failed: Error during WebSocket handshake: Unexpected response code: 200 @ http://localhost:12282/js/modules/api.js:29
[   32869ms] [ERROR] WebSocket错误: Event @ http://localhost:12282/js/modules/api.js:51
[   35572ms] [ERROR] Failed to load resource: the server responded with a status of 404 (Not Found) @ http://localhost:12282/api/chat/sessions:0
[   35572ms] [ERROR] [loadSessions] Error: Error: HTTP 404: Not Found
    at apiRequest (http://localhost:12282/js/modules/api.js:21:11)
    at async loadSessions (http://localhost:12282/js/modules/sessions.js:81:18) @ http://localhost:12282/js/modules/sessions.js:90
[   36064ms] [ERROR] WebSocket connection to 'ws://localhost:12282/' failed: Error during WebSocket handshake: Unexpected response code: 200 @ http://localhost:12282/js/modules/api.js:29
[   36065ms] [ERROR] WebSocket错误: Event @ http://localhost:12282/js/modules/api.js:51
[   37584ms] [ERROR] Failed to load resource: the server responded with a status of 404 (Not Found) @ http://localhost:12282/api/process/system:0
[   37584ms] [ERROR] 获取系统信息失败: Error: HTTP 404: Not Found
    at apiRequest (http://localhost:12282/js/modules/api.js:21:11)
    at async loadSystemInfo (http://localhost:12282/js/app.js:134:18) @ http://localhost:12282/js/app.js:141
[   38580ms] [ERROR] Failed to load resource: the server responded with a status of 404 (Not Found) @ http://localhost:12282/api/chat/sessions:0
[   38580ms] [ERROR] [loadSessions] Error: Error: HTTP 404: Not Found
    at apiRequest (http://localhost:12282/js/modules/api.js:21:11)
    at async loadSessions (http://localhost:12282/js/modules/sessions.js:81:18) @ http://localhost:12282/js/modules/sessions.js:90
[   39465ms] [ERROR] WebSocket connection to 'ws://localhost:12282/' failed: Error during WebSocket handshake: Unexpected response code: 200 @ http://localhost:12282/js/modules/api.js:29
[   39465ms] [ERROR] WebSocket错误: Event @ http://localhost:12282/js/modules/api.js:51
[   41586ms] [ERROR] Failed to load resource: the server responded with a status of 404 (Not Found) @ http://localhost:12282/api/chat/sessions:0
[   41586ms] [ERROR] [loadSessions] Error: Error: HTTP 404: Not Found
    at apiRequest (http://localhost:12282/js/modules/api.js:21:11)
    at async loadSessions (http://localhost:12282/js/modules/sessions.js:81:18) @ http://localhost:12282/js/modules/sessions.js:90
[   42579ms] [ERROR] Failed to load resource: the server responded with a status of 404 (Not Found) @ http://localhost:12282/api/process/system:0
[   42579ms] [ERROR] 获取系统信息失败: Error: HTTP 404: Not Found
    at apiRequest (http://localhost:12282/js/modules/api.js:21:11)
    at async loadSystemInfo (http://localhost:12282/js/app.js:134:18) @ http://localhost:12282/js/app.js:141
[   43229ms] [ERROR] WebSocket connection to 'ws://localhost:12282/' failed: Error during WebSocket handshake: Unexpected response code: 200 @ http://localhost:12282/js/modules/api.js:29
[   43229ms] [ERROR] WebSocket错误: Event @ http://localhost:12282/js/modules/api.js:51
[   44586ms] [ERROR] Failed to load resource: the server responded with a status of 404 (Not Found) @ http://localhost:12282/api/chat/sessions:0
[   44586ms] [ERROR] [loadSessions] Error: Error: HTTP 404: Not Found
    at apiRequest (http://localhost:12282/js/modules/api.js:21:11)
    at async loadSessions (http://localhost:12282/js/modules/sessions.js:81:18) @ http://localhost:12282/js/modules/sessions.js:90
[   47566ms] [ERROR] WebSocket connection to 'ws://localhost:12282/' failed: Error during WebSocket handshake: Unexpected response code: 200 @ http://localhost:12282/js/modules/api.js:29
[   47566ms] [ERROR] WebSocket错误: Event @ http://localhost:12282/js/modules/api.js:51
[   47571ms] [ERROR] Failed to load resource: the server responded with a status of 404 (Not Found) @ http://localhost:12282/api/process/system:0
[   47571ms] [ERROR] 获取系统信息失败: Error: HTTP 404: Not Found
    at apiRequest (http://localhost:12282/js/modules/api.js:21:11)
    at async loadSystemInfo (http://localhost:12282/js/app.js:134:18) @ http://localhost:12282/js/app.js:141
[   47571ms] [ERROR] Failed to load resource: the server responded with a status of 404 (Not Found) @ http://localhost:12282/api/chat/sessions:0
[   47571ms] [ERROR] [loadSessions] Error: Error: HTTP 404: Not Found
    at apiRequest (http://localhost:12282/js/modules/api.js:21:11)
    at async loadSessions (http://localhost:12282/js/modules/sessions.js:81:18) @ http://localhost:12282/js/modules/sessions.js:90
[   50576ms] [ERROR] Failed to load resource: the server responded with a status of 404 (Not Found) @ http://localhost:12282/api/chat/sessions:0
[   50576ms] [ERROR] [loadSessions] Error: Error: HTTP 404: Not Found
    at apiRequest (http://localhost:12282/js/modules/api.js:21:11)
    at async loadSessions (http://localhost:12282/js/modules/sessions.js:81:18) @ http://localhost:12282/js/modules/sessions.js:90
[   52571ms] [ERROR] Failed to load resource: the server responded with a status of 404 (Not Found) @ http://localhost:12282/api/process/system:0
[   52571ms] [ERROR] 获取系统信息失败: Error: HTTP 404: Not Found
    at apiRequest (http://localhost:12282/js/modules/api.js:21:11)
    at async loadSystemInfo (http://localhost:12282/js/app.js:134:18) @ http://localhost:12282/js/app.js:141
[   53579ms] [ERROR] Failed to load resource: the server responded with a status of 404 (Not Found) @ http://localhost:12282/api/chat/sessions:0
[   53579ms] [ERROR] [loadSessions] Error: Error: HTTP 404: Not Found
    at apiRequest (http://localhost:12282/js/modules/api.js:21:11)
    at async loadSessions (http://localhost:12282/js/modules/sessions.js:81:18) @ http://localhost:12282/js/modules/sessions.js:90
[   53901ms] [ERROR] WebSocket connection to 'ws://localhost:12282/' failed: Error during WebSocket handshake: Unexpected response code: 200 @ http://localhost:12282/js/modules/api.js:29
[   53901ms] [ERROR] WebSocket错误: Event @ http://localhost:12282/js/modules/api.js:51
[   55179ms] [ERROR] Failed to load resource: the server responded with a status of 404 (Not Found) @ http://localhost:12282/api/projects:0
[   55179ms] [ERROR] Failed to load resource: the server responded with a status of 404 (Not Found) @ http://localhost:12282/api/process/system:0
[   55180ms] [ERROR] 获取系统信息失败: Error: HTTP 404: Not Found
    at apiRequest (http://localhost:12282/js/modules/api.js:21:11)
    at async loadSystemInfo (http://localhost:12282/js/app.js:134:18) @ http://localhost:12282/js/app.js:141
[   55180ms] [ERROR] Failed to load resource: the server responded with a status of 404 (Not Found) @ http://localhost:12282/api/chat/sessions:0
[   55180ms] [ERROR] [loadSessions] Error: Error: HTTP 404: Not Found
    at apiRequest (http://localhost:12282/js/modules/api.js:21:11)
    at async loadSessions (http://localhost:12282/js/modules/sessions.js:81:18) @ http://localhost:12282/js/modules/sessions.js:90
[   55182ms] [ERROR] Failed to load resource: the server responded with a status of 404 (Not Found) @ http://localhost:12282/api/files/list?path=C%3A%5CUsers%5C29718%5Cremote-vscode:0
[   55182ms] [ERROR] 加载文件失败: Error: HTTP 404: Not Found
    at apiRequest (http://localhost:12282/js/modules/api.js:21:11)
    at async loadFiles (http://localhost:12282/js/modules/files.js:16:18) @ http://localhost:12282/js/modules/files.js:27
[   55183ms] [ERROR] Failed to load resource: the server responded with a status of 404 (Not Found) @ http://localhost:12282/api/chat/sessions?projectId=C--Users-29718-remote-vscode:0
[   55183ms] [ERROR] [loadSessions] Error: Error: HTTP 404: Not Found
    at apiRequest (http://localhost:12282/js/modules/api.js:21:11)
    at async loadSessions (http://localhost:12282/js/modules/sessions.js:81:18) @ http://localhost:12282/js/modules/sessions.js:90
[   57743ms] [ERROR] WebSocket connection to 'ws://localhost:12282/' failed: Error during WebSocket handshake: Unexpected response code: 200 @ http://localhost:12282/js/modules/api.js:29
[   57744ms] [ERROR] WebSocket错误: Event @ http://localhost:12282/js/modules/api.js:51
[   58186ms] [ERROR] Failed to load resource: the server responded with a status of 404 (Not Found) @ http://localhost:12282/api/chat/sessions:0
[   58186ms] [ERROR] [loadSessions] Error: Error: HTTP 404: Not Found
    at apiRequest (http://localhost:12282/js/modules/api.js:21:11)
    at async loadSessions (http://localhost:12282/js/modules/sessions.js:81:18) @ http://localhost:12282/js/modules/sessions.js:90
[   60198ms] [ERROR] Failed to load resource: the server responded with a status of 404 (Not Found) @ http://localhost:12282/api/process/system:0
[   60198ms] [ERROR] 获取系统信息失败: Error: HTTP 404: Not Found
    at apiRequest (http://localhost:12282/js/modules/api.js:21:11)
    at async loadSystemInfo (http://localhost:12282/js/app.js:134:18) @ http://localhost:12282/js/app.js:141
[   61180ms] [ERROR] Failed to load resource: the server responded with a status of 404 (Not Found) @ http://localhost:12282/api/chat/sessions:0
[   61180ms] [ERROR] [loadSessions] Error: Error: HTTP 404: Not Found
    at apiRequest (http://localhost:12282/js/modules/api.js:21:11)
    at async loadSessions (http://localhost:12282/js/modules/sessions.js:81:18) @ http://localhost:12282/js/modules/sessions.js:90
[   64191ms] [ERROR] Failed to load resource: the server responded with a status of 404 (Not Found) @ http://localhost:12282/api/chat/sessions:0
[   64192ms] [ERROR] [loadSessions] Error: Error: HTTP 404: Not Found
    at apiRequest (http://localhost:12282/js/modules/api.js:21:11)
    at async loadSessions (http://localhost:12282/js/modules/sessions.js:81:18) @ http://localhost:12282/js/modules/sessions.js:90
[   65025ms] [ERROR] WebSocket connection to 'ws://localhost:12282/' failed: Error during WebSocket handshake: Unexpected response code: 200 @ http://localhost:12282/js/modules/api.js:29
[   65025ms] [ERROR] WebSocket错误: Event @ http://localhost:12282/js/modules/api.js:51
[   65180ms] [ERROR] Failed to load resource: the server responded with a status of 404 (Not Found) @ http://localhost:12282/api/process/system:0
[   65180ms] [ERROR] 获取系统信息失败: Error: HTTP 404: Not Found
    at apiRequest (http://localhost:12282/js/modules/api.js:21:11)
    at async loadSystemInfo (http://localhost:12282/js/app.js:134:18) @ http://localhost:12282/js/app.js:141
[   67183ms] [ERROR] Failed to load resource: the server responded with a status of 404 (Not Found) @ http://localhost:12282/api/chat/sessions:0
[   67183ms] [ERROR] [loadSessions] Error: Error: HTTP 404: Not Found
    at apiRequest (http://localhost:12282/js/modules/api.js:21:11)
    at async loadSessions (http://localhost:12282/js/modules/sessions.js:81:18) @ http://localhost:12282/js/modules/sessions.js:90
